# JRE version: OpenJDK Runtime Environment (8.0_212-b01) (build 1.8.0_212-b01)
# Java VM: OpenJDK 64-Bit Server VM (25.212-b01 mixed mode linux-amd64 compressed oops)
Heap:
 PSYoungGen      total 36352K, used 5816K [0x00000000d6d00000, 0x00000000dac00000, 0x0000000100000000)
  eden space 31232K, 2% used [0x00000000d6d00000,0x00000000d6db4090,0x00000000d8b80000)
  from space 5120K, 99% used [0x00000000d8c00000,0x00000000d90fa060,0x00000000d9100000)
  to   space 13312K, 0% used [0x00000000d9f00000,0x00000000d9f00000,0x00000000dac00000)
 ParOldGen       total 84992K, used 12687K [0x0000000084600000, 0x0000000089900000, 0x00000000d6d00000)
  object space 84992K, 14% used [0x0000000084600000,0x0000000085263d38,0x0000000089900000)
 Metaspace       used 19942K, capacity 20992K, committed 21120K, reserved 1067008K
  class space    used 2619K, capacity 2841K, committed 2944K, reserved 1048576K
GC Heap History (10 events):
Event: 0.608 GC heap before
{Heap before GC invocations=1 (full 0):
 PSYoungGen      total 36864K, used 31744K [0x00000000d6d00000, 0x00000000d9600000, 0x0000000100000000)
  eden space 31744K, 100% used [0x00000000d6d00000,0x00000000d8c00000,0x00000000d8c00000)
  from space 5120K, 0% used [0x00000000d9100000,0x00000000d9100000,0x00000000d9600000)
  to   space 5120K, 0% used [0x00000000d8c00000,0x00000000d8c00000,0x00000000d9100000)
 ParOldGen       total 84992K, used 0K [0x0000000084600000, 0x0000000089900000, 0x00000000d6d00000)
  object space 84992K, 0% used [0x0000000084600000,0x0000000084600000,0x0000000089900000)
 Metaspace       used 12993K, capacity 13598K, committed 13824K, reserved 1060864K
  class space    used 1812K, capacity 1970K, committed 2048K, reserved 1048576K
Event: 0.615 GC heap after
Heap after GC invocations=1 (full 0):
 PSYoungGen      total 36864K, used 5097K [0x00000000d6d00000, 0x00000000db500000, 0x0000000100000000)
  eden space 31744K, 0% used [0x00000000d6d00000,0x00000000d6d00000,0x00000000d8c00000)
  from space 5120K, 99% used [0x00000000d8c00000,0x00000000d90fa4f0,0x00000000d9100000)
  to   space 5120K, 0% used [0x00000000db000000,0x00000000db000000,0x00000000db500000)
 ParOldGen       total 84992K, used 4898K [0x0000000084600000, 0x0000000089900000, 0x00000000d6d00000)
  object space 84992K, 5% used [0x0000000084600000,0x0000000084ac8b18,0x0000000089900000)
 Metaspace       used 12993K, capacity 13598K, committed 13824K, reserved 1060864K
  class space    used 1812K, capacity 1970K, committed 2048K, reserved 1048576K
}
Event: 28.492 GC heap before
{Heap before GC invocations=2 (full 0):
 PSYoungGen      total 36864K, used 36841K [0x00000000d6d00000, 0x00000000db500000, 0x0000000100000000)
  eden space 31744K, 100% used [0x00000000d6d00000,0x00000000d8c00000,0x00000000d8c00000)
  from space 5120K, 99% used [0x00000000d8c00000,0x00000000d90fa4f0,0x00000000d9100000)
  to   space 5120K, 0% used [0x00000000db000000,0x00000000db000000,0x00000000db500000)
 ParOldGen       total 84992K, used 4898K [0x0000000084600000, 0x0000000089900000, 0x00000000d6d00000)
  object space 84992K, 5% used [0x0000000084600000,0x0000000084ac8b18,0x0000000089900000)
 Metaspace       used 19445K, capacity 20554K, committed 20864K, reserved 1067008K
  class space    used 2601K, capacity 2830K, committed 2944K, reserved 1048576K
Event: 28.502 GC heap after
Heap after GC invocations=2 (full 0):
 PSYoungGen      total 36864K, used 5096K [0x00000000d6d00000, 0x00000000db500000, 0x0000000100000000)
  eden space 31744K, 0% used [0x00000000d6d00000,0x00000000d6d00000,0x00000000d8c00000)
  from space 5120K, 99% used [0x00000000db000000,0x00000000db4fa040,0x00000000db500000)
  to   space 5120K, 0% used [0x00000000d8c00000,0x00000000d8c00000,0x00000000d9100000)
 ParOldGen       total 84992K, used 11349K [0x0000000084600000, 0x0000000089900000, 0x00000000d6d00000)
  object space 84992K, 13% used [0x0000000084600000,0x0000000085115638,0x0000000089900000)
 Metaspace       used 19445K, capacity 20554K, committed 20864K, reserved 1067008K
  class space    used 2601K, capacity 2830K, committed 2944K, reserved 1048576K
}
Event: 53.464 GC heap before
{Heap before GC invocations=3 (full 0):
 PSYoungGen      total 36864K, used 36840K [0x00000000d6d00000, 0x00000000db500000, 0x0000000100000000)
  eden space 31744K, 100% used [0x00000000d6d00000,0x00000000d8c00000,0x00000000d8c00000)
  from space 5120K, 99% used [0x00000000db000000,0x00000000db4fa040,0x00000000db500000)
  to   space 5120K, 0% used [0x00000000d8c00000,0x00000000d8c00000,0x00000000d9100000)
 ParOldGen       total 84992K, used 11349K [0x0000000084600000, 0x0000000089900000, 0x00000000d6d00000)
  object space 84992K, 13% used [0x0000000084600000,0x0000000085115638,0x0000000089900000)
 Metaspace       used 19740K, capacity 20790K, committed 21120K, reserved 1067008K
  class space    used 2617K, capacity 2840K, committed 2944K, reserved 1048576K
Event: 53.470 GC heap after
Heap after GC invocations=3 (full 0):
 PSYoungGen      total 36864K, used 5096K [0x00000000d6d00000, 0x00000000db080000, 0x0000000100000000)
  eden space 31744K, 0% used [0x00000000d6d00000,0x00000000d6d00000,0x00000000d8c00000)
  from space 5120K, 99% used [0x00000000d8c00000,0x00000000d90fa060,0x00000000d9100000)
  to   space 5120K, 0% used [0x00000000dab80000,0x00000000dab80000,0x00000000db080000)
 ParOldGen       total 84992K, used 11839K [0x0000000084600000, 0x0000000089900000, 0x00000000d6d00000)
  object space 84992K, 13% used [0x0000000084600000,0x000000008518fd38,0x0000000089900000)
 Metaspace       used 19740K, capacity 20790K, committed 21120K, reserved 1067008K
  class space    used 2617K, capacity 2840K, committed 2944K, reserved 1048576K
}
Event: 64.401 GC heap before
{Heap before GC invocations=4 (full 0):
 PSYoungGen      total 36864K, used 36840K [0x00000000d6d00000, 0x00000000db080000, 0x0000000100000000)
  eden space 31744K, 100% used [0x00000000d6d00000,0x00000000d8c00000,0x00000000d8c00000)
  from space 5120K, 99% used [0x00000000d8c00000,0x00000000d90fa060,0x00000000d9100000)
  to   space 5120K, 0% used [0x00000000dab80000,0x00000000dab80000,0x00000000db080000)
 ParOldGen       total 84992K, used 11839K [0x0000000084600000, 0x0000000089900000, 0x00000000d6d00000)
  object space 84992K, 13% used [0x0000000084600000,0x000000008518fd38,0x0000000089900000)
 Metaspace       used 19859K, capacity 20924K, committed 21120K, reserved 1067008K
  class space    used 2618K, capacity 2841K, committed 2944K, reserved 1048576K
Event: 64.412 GC heap after
Heap after GC invocations=4 (full 0):
 PSYoungGen      total 36864K, used 5096K [0x00000000d6d00000, 0x00000000db080000, 0x0000000100000000)
  eden space 31744K, 0% used [0x00000000d6d00000,0x00000000d6d00000,0x00000000d8c00000)
  from space 5120K, 99% used [0x00000000dab80000,0x00000000db07a060,0x00000000db080000)
  to   space 5120K, 0% used [0x00000000d8c00000,0x00000000d8c00000,0x00000000d9100000)
 ParOldGen       total 84992K, used 12383K [0x0000000084600000, 0x0000000089900000, 0x00000000d6d00000)
  object space 84992K, 14% used [0x0000000084600000,0x0000000085217d38,0x0000000089900000)
 Metaspace       used 19859K, capacity 20924K, committed 21120K, reserved 1067008K
  class space    used 2618K, capacity 2841K, committed 2944K, reserved 1048576K
}
Event: 76.411 GC heap before
{Heap before GC invocations=5 (full 0):
 PSYoungGen      total 36864K, used 36840K [0x00000000d6d00000, 0x00000000db080000, 0x0000000100000000)
  eden space 31744K, 100% used [0x00000000d6d00000,0x00000000d8c00000,0x00000000d8c00000)
  from space 5120K, 99% used [0x00000000dab80000,0x00000000db07a060,0x00000000db080000)
  to   space 5120K, 0% used [0x00000000d8c00000,0x00000000d8c00000,0x00000000d9100000)
 ParOldGen       total 84992K, used 12383K [0x0000000084600000, 0x0000000089900000, 0x00000000d6d00000)
  object space 84992K, 14% used [0x0000000084600000,0x0000000085217d38,0x0000000089900000)
 Metaspace       used 19941K, capacity 20992K, committed 21120K, reserved 1067008K
  class space    used 2619K, capacity 2841K, committed 2944K, reserved 1048576K
Event: 76.423 GC heap after
Heap after GC invocations=5 (full 0):
 PSYoungGen      total 36352K, used 5096K [0x00000000d6d00000, 0x00000000dac00000, 0x0000000100000000)
  eden space 31232K, 0% used [0x00000000d6d00000,0x00000000d6d00000,0x00000000d8b80000)
  from space 5120K, 99% used [0x00000000d8c00000,0x00000000d90fa060,0x00000000d9100000)
  to   space 13312K, 0% used [0x00000000d9f00000,0x00000000d9f00000,0x00000000dac00000)
 ParOldGen       total 84992K, used 12687K [0x0000000084600000, 0x0000000089900000, 0x00000000d6d00000)
  object space 84992K, 14% used [0x0000000084600000,0x0000000085263d38,0x0000000089900000)
 Metaspace       used 19941K, capacity 20992K, committed 21120K, reserved 1067008K
  class space    used 2619K, capacity 2841K, committed 2944K, reserved 1048576K
}

